<?xml version="1.0" encoding="UTF-8"?>
<testng-results ignored="5" total="10" passed="5" failed="0" skipped="0">
  <reporter-output>
  </reporter-output>
  <suite started-at="2022-06-06T23:30:04 EDT" name="Loan Department" finished-at="2022-06-06T23:30:04 EDT" duration-ms="69">
    <groups>
    </groups>
    <test started-at="2022-06-06T23:30:04 EDT" name="Personal Loan" finished-at="2022-06-06T23:30:04 EDT" duration-ms="69">
      <class name="test.day4">
        <test-method signature="LoginAPIHomeLoan()[pri:0, instance:test.day4@4de4b452]" started-at="2022-06-06T23:30:04 EDT" name="LoginAPIHomeLoan" finished-at="2022-06-06T23:30:04 EDT" duration-ms="1" status="PASS">
          <reporter-output>
          </reporter-output>
        </test-method> <!-- LoginAPIHomeLoan -->
        <test-method signature="WebloginHomeLoan()[pri:0, instance:test.day4@4de4b452]" started-at="2022-06-06T23:30:04 EDT" name="WebloginHomeLoan" finished-at="2022-06-06T23:30:04 EDT" duration-ms="6" status="PASS">
          <reporter-output>
          </reporter-output>
        </test-method> <!-- WebloginHomeLoan -->
      </class> <!-- test.day4 -->
      <class name="test.day2">
        <test-method is-config="true" signature="prerquisite()[pri:0, instance:test.day2@793be5ca]" started-at="2022-06-06T23:30:04 EDT" name="prerquisite" finished-at="2022-06-06T23:30:04 EDT" duration-ms="8" status="PASS">
          <reporter-output>
          </reporter-output>
        </test-method> <!-- prerquisite -->
        <test-method is-config="true" signature="ploan()[pri:0, instance:test.day2@793be5ca]" started-at="2022-06-06T23:30:04 EDT" name="ploan" finished-at="2022-06-06T23:30:04 EDT" duration-ms="0" status="PASS">
          <reporter-output>
          </reporter-output>
        </test-method> <!-- ploan -->
      </class> <!-- test.day2 -->
      <class name="test.day3">
        <test-method signature="LoginAPIcarLoan()[pri:0, instance:test.day3@37654521]" started-at="2022-06-06T23:30:04 EDT" name="LoginAPIcarLoan" finished-at="2022-06-06T23:30:04 EDT" duration-ms="1" status="PASS">
          <reporter-output>
          </reporter-output>
        </test-method> <!-- LoginAPIcarLoan -->
        <test-method signature="WebloginCarLoan()[pri:0, instance:test.day3@37654521]" started-at="2022-06-06T23:30:04 EDT" name="WebloginCarLoan" finished-at="2022-06-06T23:30:04 EDT" duration-ms="1" status="PASS">
          <reporter-output>
          </reporter-output>
        </test-method> <!-- WebloginCarLoan -->
      </class> <!-- test.day3 -->
      <class name="test.day1">
        <test-method signature="Demo()[pri:0, instance:test.day1@3e6ef8ad]" started-at="2022-06-06T23:30:04 EDT" name="Demo" finished-at="2022-06-06T23:30:04 EDT" duration-ms="4" status="PASS">
          <reporter-output>
          </reporter-output>
        </test-method> <!-- Demo -->
      </class> <!-- test.day1 -->
    </test> <!-- Personal Loan -->
  </suite> <!-- Loan Department -->
</testng-results>
