<?xml version="1.0" encoding="UTF-8"?>
<!-- Generated by org.testng.reporters.JUnitXMLReporter -->
<testsuite ignored="5" hostname="DESKTOP-I8PK2FP" failures="0" tests="5" name="Personal Loan" time="0.069" errors="0" timestamp="2022-06-06T23:30:04 EDT">
  <testcase classname="test.day1" name="Demo" time="0.004"/>
  <testcase classname="test.day3" name="LoginAPIcarLoan" time="0.001"/>
  <testcase classname="test.day3" name="WebloginCarLoan" time="0.001"/>
  <testcase classname="test.day4" name="LoginAPIHomeLoan" time="0.001"/>
  <testcase classname="test.day4" name="WebloginHomeLoan" time="0.006"/>
  <testcase classname="test.day3" name="MobilelogouCarLoan" time="0.0">
    <ignored/>
  </testcase> <!-- MobilelogouCarLoan -->
  <testcase classname="test.day3" name="MobilesigninCarLoan" time="0.0">
    <ignored/>
  </testcase> <!-- MobilesigninCarLoan -->
  <testcase classname="test.day1" name="SecondTest" time="0.0">
    <ignored/>
  </testcase> <!-- SecondTest -->
  <testcase classname="test.day3" name="MobileloginCarLoan" time="0.0">
    <ignored/>
  </testcase> <!-- MobileloginCarLoan -->
  <testcase classname="test.day4" name="MobileLoginHomeLoan" time="0.0">
    <ignored/>
  </testcase> <!-- MobileLoginHomeLoan -->
</testsuite> <!-- Personal Loan -->
